----------------------------------------------------------------
Tue Aug 17 15:29:47 WEST 2021:
Booting Derby version The Apache Software Foundation - Apache Derby - 10.14.2.0 - (1828579): instance a816c00e-017b-5484-b2be-000004e930e8 
on database directory memory:/Users/mac/Documents/workspace-spring-tool-suite-4-4.11.0.RELEASE/pfa1/faf72744-a59b-4c26-92f4-128afa969492 with class loader jdk.internal.loader.ClassLoaders$AppClassLoader@7ad041f3 
Loaded from file:/Users/mac/.m2/repository/org/apache/derby/derby/10.14.2.0/derby-10.14.2.0.jar
java.vendor=Oracle Corporation
java.runtime.version=16.0.1+9-24
user.dir=/Users/mac/Documents/workspace-spring-tool-suite-4-4.11.0.RELEASE/pfa1
os.name=Mac OS X
os.arch=x86_64
os.version=10.14
derby.system.home=null
Database Class Loader started - derby.database.classpath=''
----------------------------------------------------------------
Tue Aug 17 15:29:49 WEST 2021:
Shutting down instance a816c00e-017b-5484-b2be-000004e930e8 on database directory memory:/Users/mac/Documents/workspace-spring-tool-suite-4-4.11.0.RELEASE/pfa1/faf72744-a59b-4c26-92f4-128afa969492 with class loader jdk.internal.loader.ClassLoaders$AppClassLoader@7ad041f3 
----------------------------------------------------------------
Tue Aug 17 15:29:53 WEST 2021:
Booting Derby version The Apache Software Foundation - Apache Derby - 10.14.2.0 - (1828579): instance 176240b2-017b-5484-b2be-000004e930e8 
on database directory memory:/Users/mac/Documents/workspace-spring-tool-suite-4-4.11.0.RELEASE/pfa1/411cc104-2e2e-494b-816c-e54b3422e65d with class loader jdk.internal.loader.ClassLoaders$AppClassLoader@7ad041f3 
Loaded from file:/Users/mac/.m2/repository/org/apache/derby/derby/10.14.2.0/derby-10.14.2.0.jar
java.vendor=Oracle Corporation
java.runtime.version=16.0.1+9-24
user.dir=/Users/mac/Documents/workspace-spring-tool-suite-4-4.11.0.RELEASE/pfa1
os.name=Mac OS X
os.arch=x86_64
os.version=10.14
derby.system.home=null
Database Class Loader started - derby.database.classpath=''
----------------------------------------------------------------
Tue Aug 17 15:29:58 WEST 2021:
Shutting down instance 176240b2-017b-5484-b2be-000004e930e8 on database directory memory:/Users/mac/Documents/workspace-spring-tool-suite-4-4.11.0.RELEASE/pfa1/411cc104-2e2e-494b-816c-e54b3422e65d with class loader jdk.internal.loader.ClassLoaders$AppClassLoader@7ad041f3 
